<?xml version="1.0" encoding="UTF-8"?>
<!-- Generated by org.testng.reporters.JUnitReportReporter -->
<testsuite hostname="DESKTOP-TI919J8" failures="0" tests="2" name="com.vtiger.comcast.contacttest.Contact" time="57.964" errors="0" timestamp="2022-01-22T23:17:00 IST" skipped="0">
  <testcase classname="com.vtiger.comcast.contacttest.Contact" name="createContactTest" time="23.489"/>
  <system-out/>
  <testcase classname="com.vtiger.comcast.contacttest.Contact" name="createContactwithorganizationTest" time="34.475"/>
  <system-out/>
</testsuite> <!-- com.vtiger.comcast.contacttest.Contact -->
