<?xml version="1.0" encoding="UTF-8"?>
<!-- Generated by org.testng.reporters.JUnitReportReporter -->
<testsuite hostname="DESKTOP-TI919J8" failures="0" tests="2" name="com.vtiger.comcast.organiaztiontest.CreateOrganization" time="63.383" errors="0" timestamp="2022-01-20T23:50:06 IST" skipped="0">
  <testcase classname="com.vtiger.comcast.organiaztiontest.CreateOrganization" name="createOrgWithIndutriesTest" time="22.166"/>
  <system-out/>
  <testcase classname="com.vtiger.comcast.organiaztiontest.CreateOrganization" name="createOrgTest" time="41.217"/>
  <system-out/>
</testsuite> <!-- com.vtiger.comcast.organiaztiontest.CreateOrganization -->
