<?xml version="1.0" encoding="UTF-8"?>
<!-- Generated by org.testng.reporters.JUnitReportReporter -->
<testsuite hostname="DESKTOP-TI919J8" failures="0" tests="2" name="com.vtiger.comcast.contacttest.ContactTest" time="111.070" errors="0" timestamp="2022-02-01T11:51:32 IST" skipped="0">
  <testcase classname="com.vtiger.comcast.contacttest.ContactTest" name="createContactTest" time="56.574"/>
  <system-out/>
  <testcase classname="com.vtiger.comcast.contacttest.ContactTest" name="createContactwithorganizationTest" time="54.496"/>
  <system-out/>
</testsuite> <!-- com.vtiger.comcast.contacttest.ContactTest -->
